{"C:\\Users\\octav\\OneDrive\\Desktop\\ProyectoFinal_JS\\Backend\\api\\server.js": {"path":"C:\\Users\\octav\\OneDrive\\Desktop\\ProyectoFinal_JS\\Backend\\api\\server.js","statementMap":{"0":{"start":{"line":1,"column":0},"end":{"line":1,"column":25}},"1":{"start":{"line":2,"column":16},"end":{"line":2,"column":34}},"2":{"start":{"line":3,"column":13},"end":{"line":3,"column":28}},"3":{"start":{"line":4,"column":25},"end":{"line":4,"column":58}},"4":{"start":{"line":6,"column":22},"end":{"line":6,"column":54}},"5":{"start":{"line":8,"column":12},"end":{"line":8,"column":21}},"6":{"start":{"line":10,"column":0},"end":{"line":10,"column":33}},"7":{"start":{"line":11,"column":0},"end":{"line":11,"column":24}},"8":{"start":{"line":13,"column":0},"end":{"line":25,"column":3}},"9":{"start":{"line":14,"column":2},"end":{"line":24,"column":5}},"10":{"start":{"line":27,"column":0},"end":{"line":27,"column":27}},"11":{"start":{"line":30,"column":0},"end":{"line":36,"column":1}},"12":{"start":{"line":31,"column":15},"end":{"line":31,"column":32}},"13":{"start":{"line":32,"column":2},"end":{"line":35,"column":5}},"14":{"start":{"line":33,"column":4},"end":{"line":33,"column":67}},"15":{"start":{"line":34,"column":4},"end":{"line":34,"column":70}},"16":{"start":{"line":38,"column":0},"end":{"line":38,"column":21}}},"fnMap":{"0":{"name":"(anonymous_0)","decl":{"start":{"line":13,"column":13},"end":{"line":13,"column":14}},"loc":{"start":{"line":13,"column":27},"end":{"line":25,"column":1}},"line":13},"1":{"name":"(anonymous_1)","decl":{"start":{"line":32,"column":19},"end":{"line":32,"column":20}},"loc":{"start":{"line":32,"column":25},"end":{"line":35,"column":3}},"line":32}},"branchMap":{"0":{"loc":{"start":{"line":30,"column":0},"end":{"line":36,"column":1}},"type":"if","locations":[{"start":{"line":30,"column":0},"end":{"line":36,"column":1}},{"start":{},"end":{}}],"line":30}},"s":{"0":1,"1":1,"2":1,"3":1,"4":1,"5":1,"6":1,"7":1,"8":1,"9":1,"10":1,"11":1,"12":0,"13":0,"14":0,"15":0,"16":1},"f":{"0":1,"1":0},"b":{"0":[0,1]},"_coverageSchema":"1a1c01bbd47fc00a2c39e90264f33305004495a9","hash":"7c388cb8b2025a8f09294deaa25bde73eeb65df2"}
,"C:\\Users\\octav\\OneDrive\\Desktop\\ProyectoFinal_JS\\Backend\\api\\src\\config\\database.js": {"path":"C:\\Users\\octav\\OneDrive\\Desktop\\ProyectoFinal_JS\\Backend\\api\\src\\config\\database.js","statementMap":{"0":{"start":{"line":11,"column":24},"end":{"line":17,"column":1}}},"fnMap":{},"branchMap":{},"s":{"0":1},"f":{},"b":{},"_coverageSchema":"1a1c01bbd47fc00a2c39e90264f33305004495a9","hash":"b6ac48a22429f445fe27044868c48cce51333c32"}
,"C:\\Users\\octav\\OneDrive\\Desktop\\ProyectoFinal_JS\\Backend\\api\\src\\config\\jwt.js": {"path":"C:\\Users\\octav\\OneDrive\\Desktop\\ProyectoFinal_JS\\Backend\\api\\src\\config\\jwt.js","statementMap":{"0":{"start":{"line":3,"column":15},"end":{"line":3,"column":57}},"1":{"start":{"line":5,"column":29},"end":{"line":7,"column":1}},"2":{"start":{"line":6,"column":2},"end":{"line":6,"column":57}},"3":{"start":{"line":9,"column":27},"end":{"line":15,"column":1}},"4":{"start":{"line":10,"column":2},"end":{"line":14,"column":3}},"5":{"start":{"line":11,"column":4},"end":{"line":11,"column":37}},"6":{"start":{"line":13,"column":4},"end":{"line":13,"column":38}}},"fnMap":{"0":{"name":"(anonymous_0)","decl":{"start":{"line":5,"column":29},"end":{"line":5,"column":30}},"loc":{"start":{"line":5,"column":42},"end":{"line":7,"column":1}},"line":5},"1":{"name":"(anonymous_1)","decl":{"start":{"line":9,"column":27},"end":{"line":9,"column":28}},"loc":{"start":{"line":9,"column":38},"end":{"line":15,"column":1}},"line":9}},"branchMap":{"0":{"loc":{"start":{"line":3,"column":15},"end":{"line":3,"column":57}},"type":"binary-expr","locations":[{"start":{"line":3,"column":15},"end":{"line":3,"column":37}},{"start":{"line":3,"column":41},"end":{"line":3,"column":57}}],"line":3}},"s":{"0":1,"1":1,"2":0,"3":1,"4":0,"5":0,"6":0},"f":{"0":0,"1":0},"b":{"0":[1,1]},"_coverageSchema":"1a1c01bbd47fc00a2c39e90264f33305004495a9","hash":"db37f41598e5879a076fffda6630ad697e00231d"}
,"C:\\Users\\octav\\OneDrive\\Desktop\\ProyectoFinal_JS\\Backend\\api\\src\\config\\server.js": {"path":"C:\\Users\\octav\\OneDrive\\Desktop\\ProyectoFinal_JS\\Backend\\api\\src\\config\\server.js","statementMap":{"0":{"start":{"line":2,"column":28},"end":{"line":8,"column":1}}},"fnMap":{},"branchMap":{"0":{"loc":{"start":{"line":3,"column":8},"end":{"line":3,"column":32}},"type":"binary-expr","locations":[{"start":{"line":3,"column":8},"end":{"line":3,"column":24}},{"start":{"line":3,"column":28},"end":{"line":3,"column":32}}],"line":3},"1":{"loc":{"start":{"line":5,"column":12},"end":{"line":5,"column":43}},"type":"binary-expr","locations":[{"start":{"line":5,"column":12},"end":{"line":5,"column":35}},{"start":{"line":5,"column":39},"end":{"line":5,"column":43}}],"line":5}},"s":{"0":1},"f":{},"b":{"0":[1,1],"1":[1,1]},"_coverageSchema":"1a1c01bbd47fc00a2c39e90264f33305004495a9","hash":"32a07c8130da95516b594f144d5df0ddcd100f5c"}
,"C:\\Users\\octav\\OneDrive\\Desktop\\ProyectoFinal_JS\\Backend\\api\\src\\controllers\\carrito.controller.js": {"path":"C:\\Users\\octav\\OneDrive\\Desktop\\ProyectoFinal_JS\\Backend\\api\\src\\controllers\\carrito.controller.js","statementMap":{"0":{"start":{"line":5,"column":2},"end":{"line":15,"column":3}},"1":{"start":{"line":6,"column":54},"end":{"line":6,"column":68}},"2":{"start":{"line":7,"column":4},"end":{"line":7,"column":83}},"3":{"start":{"line":8,"column":4},"end":{"line":8,"column":115}},"4":{"start":{"line":8,"column":37},"end":{"line":8,"column":115}},"5":{"start":{"line":9,"column":17},"end":{"line":9,"column":78}},"6":{"start":{"line":10,"column":4},"end":{"line":10,"column":51}},"7":{"start":{"line":11,"column":4},"end":{"line":11,"column":31}},"8":{"start":{"line":13,"column":4},"end":{"line":13,"column":55}},"9":{"start":{"line":14,"column":4},"end":{"line":14,"column":67}},"10":{"start":{"line":19,"column":2},"end":{"line":29,"column":3}},"11":{"start":{"line":20,"column":50},"end":{"line":20,"column":64}},"12":{"start":{"line":21,"column":4},"end":{"line":23,"column":5}},"13":{"start":{"line":22,"column":6},"end":{"line":22,"column":94}},"14":{"start":{"line":24,"column":17},"end":{"line":24,"column":80}},"15":{"start":{"line":25,"column":4},"end":{"line":25,"column":76}},"16":{"start":{"line":25,"column":15},"end":{"line":25,"column":76}},"17":{"start":{"line":26,"column":4},"end":{"line":26,"column":19}},"18":{"start":{"line":28,"column":4},"end":{"line":28,"column":68}},"19":{"start":{"line":33,"column":2},"end":{"line":40,"column":3}},"20":{"start":{"line":34,"column":40},"end":{"line":34,"column":54}},"21":{"start":{"line":35,"column":4},"end":{"line":35,"column":115}},"22":{"start":{"line":35,"column":37},"end":{"line":35,"column":115}},"23":{"start":{"line":36,"column":22},"end":{"line":36,"column":75}},"24":{"start":{"line":37,"column":4},"end":{"line":37,"column":49}},"25":{"start":{"line":39,"column":4},"end":{"line":39,"column":74}},"26":{"start":{"line":44,"column":2},"end":{"line":51,"column":3}},"27":{"start":{"line":45,"column":27},"end":{"line":45,"column":41}},"28":{"start":{"line":46,"column":4},"end":{"line":46,"column":84}},"29":{"start":{"line":46,"column":21},"end":{"line":46,"column":84}},"30":{"start":{"line":47,"column":30},"end":{"line":47,"column":65}},"31":{"start":{"line":48,"column":4},"end":{"line":48,"column":62}},"32":{"start":{"line":50,"column":4},"end":{"line":50,"column":63}},"33":{"start":{"line":55,"column":2},"end":{"line":67,"column":3}},"34":{"start":{"line":56,"column":58},"end":{"line":56,"column":73}},"35":{"start":{"line":57,"column":4},"end":{"line":57,"column":106}},"36":{"start":{"line":58,"column":4},"end":{"line":58,"column":84}},"37":{"start":{"line":58,"column":21},"end":{"line":58,"column":84}},"38":{"start":{"line":59,"column":18},"end":{"line":59,"column":113}},"39":{"start":{"line":60,"column":4},"end":{"line":60,"column":55}},"40":{"start":{"line":61,"column":22},"end":{"line":61,"column":141}},"41":{"start":{"line":62,"column":4},"end":{"line":62,"column":49}},"42":{"start":{"line":63,"column":4},"end":{"line":63,"column":24}},"43":{"start":{"line":65,"column":4},"end":{"line":65,"column":51}},"44":{"start":{"line":66,"column":4},"end":{"line":66,"column":64}}},"fnMap":{"0":{"name":"crear","decl":{"start":{"line":4,"column":22},"end":{"line":4,"column":27}},"loc":{"start":{"line":4,"column":44},"end":{"line":16,"column":1}},"line":4},"1":{"name":"actualizarCantidadCtrl","decl":{"start":{"line":18,"column":22},"end":{"line":18,"column":44}},"loc":{"start":{"line":18,"column":61},"end":{"line":30,"column":1}},"line":18},"2":{"name":"eliminarItem","decl":{"start":{"line":32,"column":22},"end":{"line":32,"column":34}},"loc":{"start":{"line":32,"column":51},"end":{"line":41,"column":1}},"line":32},"3":{"name":"eliminar","decl":{"start":{"line":43,"column":22},"end":{"line":43,"column":30}},"loc":{"start":{"line":43,"column":47},"end":{"line":52,"column":1}},"line":43},"4":{"name":"listar","decl":{"start":{"line":54,"column":22},"end":{"line":54,"column":28}},"loc":{"start":{"line":54,"column":45},"end":{"line":68,"column":1}},"line":54}},"branchMap":{"0":{"loc":{"start":{"line":6,"column":37},"end":{"line":6,"column":49}},"type":"default-arg","locations":[{"start":{"line":6,"column":48},"end":{"line":6,"column":49}}],"line":6},"1":{"loc":{"start":{"line":6,"column":54},"end":{"line":6,"column":68}},"type":"binary-expr","locations":[{"start":{"line":6,"column":54},"end":{"line":6,"column":62}},{"start":{"line":6,"column":66},"end":{"line":6,"column":68}}],"line":6},"2":{"loc":{"start":{"line":8,"column":4},"end":{"line":8,"column":115}},"type":"if","locations":[{"start":{"line":8,"column":4},"end":{"line":8,"column":115}},{"start":{},"end":{}}],"line":8},"3":{"loc":{"start":{"line":8,"column":8},"end":{"line":8,"column":35}},"type":"binary-expr","locations":[{"start":{"line":8,"column":8},"end":{"line":8,"column":19}},{"start":{"line":8,"column":23},"end":{"line":8,"column":35}}],"line":8},"4":{"loc":{"start":{"line":20,"column":50},"end":{"line":20,"column":64}},"type":"binary-expr","locations":[{"start":{"line":20,"column":50},"end":{"line":20,"column":58}},{"start":{"line":20,"column":62},"end":{"line":20,"column":64}}],"line":20},"5":{"loc":{"start":{"line":21,"column":4},"end":{"line":23,"column":5}},"type":"if","locations":[{"start":{"line":21,"column":4},"end":{"line":23,"column":5}},{"start":{},"end":{}}],"line":21},"6":{"loc":{"start":{"line":21,"column":8},"end":{"line":21,"column":70}},"type":"binary-expr","locations":[{"start":{"line":21,"column":8},"end":{"line":21,"column":19}},{"start":{"line":21,"column":23},"end":{"line":21,"column":35}},{"start":{"line":21,"column":39},"end":{"line":21,"column":70}}],"line":21},"7":{"loc":{"start":{"line":25,"column":4},"end":{"line":25,"column":76}},"type":"if","locations":[{"start":{"line":25,"column":4},"end":{"line":25,"column":76}},{"start":{},"end":{}}],"line":25},"8":{"loc":{"start":{"line":34,"column":40},"end":{"line":34,"column":54}},"type":"binary-expr","locations":[{"start":{"line":34,"column":40},"end":{"line":34,"column":48}},{"start":{"line":34,"column":52},"end":{"line":34,"column":54}}],"line":34},"9":{"loc":{"start":{"line":35,"column":4},"end":{"line":35,"column":115}},"type":"if","locations":[{"start":{"line":35,"column":4},"end":{"line":35,"column":115}},{"start":{},"end":{}}],"line":35},"10":{"loc":{"start":{"line":35,"column":8},"end":{"line":35,"column":35}},"type":"binary-expr","locations":[{"start":{"line":35,"column":8},"end":{"line":35,"column":19}},{"start":{"line":35,"column":23},"end":{"line":35,"column":35}}],"line":35},"11":{"loc":{"start":{"line":45,"column":27},"end":{"line":45,"column":41}},"type":"binary-expr","locations":[{"start":{"line":45,"column":27},"end":{"line":45,"column":35}},{"start":{"line":45,"column":39},"end":{"line":45,"column":41}}],"line":45},"12":{"loc":{"start":{"line":46,"column":4},"end":{"line":46,"column":84}},"type":"if","locations":[{"start":{"line":46,"column":4},"end":{"line":46,"column":84}},{"start":{},"end":{}}],"line":46},"13":{"loc":{"start":{"line":56,"column":24},"end":{"line":56,"column":34}},"type":"default-arg","locations":[{"start":{"line":56,"column":33},"end":{"line":56,"column":34}}],"line":56},"14":{"loc":{"start":{"line":56,"column":36},"end":{"line":56,"column":53}},"type":"default-arg","locations":[{"start":{"line":56,"column":51},"end":{"line":56,"column":53}}],"line":56},"15":{"loc":{"start":{"line":56,"column":58},"end":{"line":56,"column":73}},"type":"binary-expr","locations":[{"start":{"line":56,"column":58},"end":{"line":56,"column":67}},{"start":{"line":56,"column":71},"end":{"line":56,"column":73}}],"line":56},"16":{"loc":{"start":{"line":58,"column":4},"end":{"line":58,"column":84}},"type":"if","locations":[{"start":{"line":58,"column":4},"end":{"line":58,"column":84}},{"start":{},"end":{}}],"line":58}},"s":{"0":0,"1":0,"2":0,"3":0,"4":0,"5":0,"6":0,"7":0,"8":0,"9":0,"10":0,"11":0,"12":0,"13":0,"14":0,"15":0,"16":0,"17":0,"18":0,"19":0,"20":0,"21":0,"22":0,"23":0,"24":0,"25":0,"26":0,"27":0,"28":0,"29":0,"30":0,"31":0,"32":0,"33":0,"34":0,"35":0,"36":0,"37":0,"38":0,"39":0,"40":0,"41":0,"42":0,"43":0,"44":0},"f":{"0":0,"1":0,"2":0,"3":0,"4":0},"b":{"0":[0],"1":[0,0],"2":[0,0],"3":[0,0],"4":[0,0],"5":[0,0],"6":[0,0,0],"7":[0,0],"8":[0,0],"9":[0,0],"10":[0,0],"11":[0,0],"12":[0,0],"13":[0],"14":[0],"15":[0,0],"16":[0,0]},"_coverageSchema":"1a1c01bbd47fc00a2c39e90264f33305004495a9","hash":"0ff6b9b1a2137b53686e351ca4d21cfaad62e42c"}
,"C:\\Users\\octav\\OneDrive\\Desktop\\ProyectoFinal_JS\\Backend\\api\\src\\controllers\\favoritos.controller.js": {"path":"C:\\Users\\octav\\OneDrive\\Desktop\\ProyectoFinal_JS\\Backend\\api\\src\\controllers\\favoritos.controller.js","statementMap":{"0":{"start":{"line":5,"column":2},"end":{"line":12,"column":3}},"1":{"start":{"line":6,"column":40},"end":{"line":6,"column":54}},"2":{"start":{"line":7,"column":4},"end":{"line":7,"column":124}},"3":{"start":{"line":7,"column":37},"end":{"line":7,"column":124}},"4":{"start":{"line":8,"column":19},"end":{"line":8,"column":69}},"5":{"start":{"line":9,"column":4},"end":{"line":9,"column":70}},"6":{"start":{"line":11,"column":4},"end":{"line":11,"column":14}},"7":{"start":{"line":16,"column":2},"end":{"line":23,"column":3}},"8":{"start":{"line":17,"column":40},"end":{"line":17,"column":54}},"9":{"start":{"line":18,"column":4},"end":{"line":18,"column":124}},"10":{"start":{"line":18,"column":37},"end":{"line":18,"column":124}},"11":{"start":{"line":19,"column":22},"end":{"line":19,"column":73}},"12":{"start":{"line":20,"column":4},"end":{"line":20,"column":49}},"13":{"start":{"line":22,"column":4},"end":{"line":22,"column":14}},"14":{"start":{"line":27,"column":2},"end":{"line":34,"column":3}},"15":{"start":{"line":28,"column":58},"end":{"line":28,"column":73}},"16":{"start":{"line":29,"column":4},"end":{"line":29,"column":84}},"17":{"start":{"line":29,"column":21},"end":{"line":29,"column":84}},"18":{"start":{"line":30,"column":18},"end":{"line":30,"column":115}},"19":{"start":{"line":31,"column":4},"end":{"line":31,"column":136}},"20":{"start":{"line":33,"column":4},"end":{"line":33,"column":66}}},"fnMap":{"0":{"name":"crear","decl":{"start":{"line":4,"column":22},"end":{"line":4,"column":27}},"loc":{"start":{"line":4,"column":44},"end":{"line":13,"column":1}},"line":4},"1":{"name":"eliminar","decl":{"start":{"line":15,"column":22},"end":{"line":15,"column":30}},"loc":{"start":{"line":15,"column":47},"end":{"line":24,"column":1}},"line":15},"2":{"name":"listar","decl":{"start":{"line":26,"column":22},"end":{"line":26,"column":28}},"loc":{"start":{"line":26,"column":45},"end":{"line":35,"column":1}},"line":26}},"branchMap":{"0":{"loc":{"start":{"line":6,"column":40},"end":{"line":6,"column":54}},"type":"binary-expr","locations":[{"start":{"line":6,"column":40},"end":{"line":6,"column":48}},{"start":{"line":6,"column":52},"end":{"line":6,"column":54}}],"line":6},"1":{"loc":{"start":{"line":7,"column":4},"end":{"line":7,"column":124}},"type":"if","locations":[{"start":{"line":7,"column":4},"end":{"line":7,"column":124}},{"start":{},"end":{}}],"line":7},"2":{"loc":{"start":{"line":7,"column":8},"end":{"line":7,"column":35}},"type":"binary-expr","locations":[{"start":{"line":7,"column":8},"end":{"line":7,"column":19}},{"start":{"line":7,"column":23},"end":{"line":7,"column":35}}],"line":7},"3":{"loc":{"start":{"line":9,"column":15},"end":{"line":9,"column":33}},"type":"cond-expr","locations":[{"start":{"line":9,"column":24},"end":{"line":9,"column":27}},{"start":{"line":9,"column":30},"end":{"line":9,"column":33}}],"line":9},"4":{"loc":{"start":{"line":17,"column":40},"end":{"line":17,"column":54}},"type":"binary-expr","locations":[{"start":{"line":17,"column":40},"end":{"line":17,"column":48}},{"start":{"line":17,"column":52},"end":{"line":17,"column":54}}],"line":17},"5":{"loc":{"start":{"line":18,"column":4},"end":{"line":18,"column":124}},"type":"if","locations":[{"start":{"line":18,"column":4},"end":{"line":18,"column":124}},{"start":{},"end":{}}],"line":18},"6":{"loc":{"start":{"line":18,"column":8},"end":{"line":18,"column":35}},"type":"binary-expr","locations":[{"start":{"line":18,"column":8},"end":{"line":18,"column":19}},{"start":{"line":18,"column":23},"end":{"line":18,"column":35}}],"line":18},"7":{"loc":{"start":{"line":28,"column":24},"end":{"line":28,"column":34}},"type":"default-arg","locations":[{"start":{"line":28,"column":33},"end":{"line":28,"column":34}}],"line":28},"8":{"loc":{"start":{"line":28,"column":36},"end":{"line":28,"column":53}},"type":"default-arg","locations":[{"start":{"line":28,"column":51},"end":{"line":28,"column":53}}],"line":28},"9":{"loc":{"start":{"line":28,"column":58},"end":{"line":28,"column":73}},"type":"binary-expr","locations":[{"start":{"line":28,"column":58},"end":{"line":28,"column":67}},{"start":{"line":28,"column":71},"end":{"line":28,"column":73}}],"line":28},"10":{"loc":{"start":{"line":29,"column":4},"end":{"line":29,"column":84}},"type":"if","locations":[{"start":{"line":29,"column":4},"end":{"line":29,"column":84}},{"start":{},"end":{}}],"line":29}},"s":{"0":0,"1":0,"2":0,"3":0,"4":0,"5":0,"6":0,"7":0,"8":0,"9":0,"10":0,"11":0,"12":0,"13":0,"14":0,"15":0,"16":0,"17":0,"18":0,"19":0,"20":0},"f":{"0":0,"1":0,"2":0},"b":{"0":[0,0],"1":[0,0],"2":[0,0],"3":[0,0],"4":[0,0],"5":[0,0],"6":[0,0],"7":[0],"8":[0],"9":[0,0],"10":[0,0]},"_coverageSchema":"1a1c01bbd47fc00a2c39e90264f33305004495a9","hash":"39b55aeb7a68b690df87092c1e39d7b94021e677"}
,"C:\\Users\\octav\\OneDrive\\Desktop\\ProyectoFinal_JS\\Backend\\api\\src\\controllers\\orden.controller.js": {"path":"C:\\Users\\octav\\OneDrive\\Desktop\\ProyectoFinal_JS\\Backend\\api\\src\\controllers\\orden.controller.js","statementMap":{"0":{"start":{"line":4,"column":2},"end":{"line":35,"column":3}},"1":{"start":{"line":5,"column":41},"end":{"line":5,"column":55}},"2":{"start":{"line":6,"column":4},"end":{"line":6,"column":64}},"3":{"start":{"line":8,"column":4},"end":{"line":12,"column":5}},"4":{"start":{"line":9,"column":6},"end":{"line":11,"column":9}},"5":{"start":{"line":14,"column":4},"end":{"line":18,"column":5}},"6":{"start":{"line":15,"column":6},"end":{"line":17,"column":9}},"7":{"start":{"line":20,"column":22},"end":{"line":20,"column":68}},"8":{"start":{"line":21,"column":4},"end":{"line":21,"column":62}},"9":{"start":{"line":23,"column":4},"end":{"line":27,"column":7}},"10":{"start":{"line":30,"column":4},"end":{"line":30,"column":53}},"11":{"start":{"line":31,"column":4},"end":{"line":34,"column":7}},"12":{"start":{"line":39,"column":2},"end":{"line":61,"column":3}},"13":{"start":{"line":40,"column":27},"end":{"line":40,"column":43}},"14":{"start":{"line":41,"column":4},"end":{"line":41,"column":62}},"15":{"start":{"line":43,"column":4},"end":{"line":45,"column":5}},"16":{"start":{"line":44,"column":6},"end":{"line":44,"column":72}},"17":{"start":{"line":47,"column":20},"end":{"line":47,"column":59}},"18":{"start":{"line":48,"column":4},"end":{"line":48,"column":47}},"19":{"start":{"line":50,"column":4},"end":{"line":53,"column":7}},"20":{"start":{"line":56,"column":4},"end":{"line":56,"column":51}},"21":{"start":{"line":57,"column":4},"end":{"line":60,"column":7}}},"fnMap":{"0":{"name":"finalizarCompra","decl":{"start":{"line":3,"column":22},"end":{"line":3,"column":37}},"loc":{"start":{"line":3,"column":54},"end":{"line":36,"column":1}},"line":3},"1":{"name":"listarOrdenesUsuario","decl":{"start":{"line":38,"column":22},"end":{"line":38,"column":42}},"loc":{"start":{"line":38,"column":59},"end":{"line":62,"column":1}},"line":38}},"branchMap":{"0":{"loc":{"start":{"line":5,"column":41},"end":{"line":5,"column":55}},"type":"binary-expr","locations":[{"start":{"line":5,"column":41},"end":{"line":5,"column":49}},{"start":{"line":5,"column":53},"end":{"line":5,"column":55}}],"line":5},"1":{"loc":{"start":{"line":8,"column":4},"end":{"line":12,"column":5}},"type":"if","locations":[{"start":{"line":8,"column":4},"end":{"line":12,"column":5}},{"start":{},"end":{}}],"line":8},"2":{"loc":{"start":{"line":8,"column":8},"end":{"line":8,"column":76}},"type":"binary-expr","locations":[{"start":{"line":8,"column":8},"end":{"line":8,"column":19}},{"start":{"line":8,"column":23},"end":{"line":8,"column":29}},{"start":{"line":8,"column":33},"end":{"line":8,"column":54}},{"start":{"line":8,"column":58},"end":{"line":8,"column":76}}],"line":8},"3":{"loc":{"start":{"line":14,"column":4},"end":{"line":18,"column":5}},"type":"if","locations":[{"start":{"line":14,"column":4},"end":{"line":18,"column":5}},{"start":{},"end":{}}],"line":14},"4":{"loc":{"start":{"line":14,"column":8},"end":{"line":14,"column":47}},"type":"binary-expr","locations":[{"start":{"line":14,"column":8},"end":{"line":14,"column":33}},{"start":{"line":14,"column":37},"end":{"line":14,"column":47}}],"line":14},"5":{"loc":{"start":{"line":40,"column":27},"end":{"line":40,"column":43}},"type":"binary-expr","locations":[{"start":{"line":40,"column":27},"end":{"line":40,"column":37}},{"start":{"line":40,"column":41},"end":{"line":40,"column":43}}],"line":40},"6":{"loc":{"start":{"line":43,"column":4},"end":{"line":45,"column":5}},"type":"if","locations":[{"start":{"line":43,"column":4},"end":{"line":45,"column":5}},{"start":{},"end":{}}],"line":43}},"s":{"0":0,"1":0,"2":0,"3":0,"4":0,"5":0,"6":0,"7":0,"8":0,"9":0,"10":0,"11":0,"12":0,"13":0,"14":0,"15":0,"16":0,"17":0,"18":0,"19":0,"20":0,"21":0},"f":{"0":0,"1":0},"b":{"0":[0,0],"1":[0,0],"2":[0,0,0,0],"3":[0,0],"4":[0,0],"5":[0,0],"6":[0,0]},"_coverageSchema":"1a1c01bbd47fc00a2c39e90264f33305004495a9","hash":"d0e704bdd0f8d8302c8ef0226e1b4532cad55624"}
,"C:\\Users\\octav\\OneDrive\\Desktop\\ProyectoFinal_JS\\Backend\\api\\src\\controllers\\productos.controller.js": {"path":"C:\\Users\\octav\\OneDrive\\Desktop\\ProyectoFinal_JS\\Backend\\api\\src\\controllers\\productos.controller.js","statementMap":{"0":{"start":{"line":11,"column":2},"end":{"line":20,"column":3}},"1":{"start":{"line":12,"column":61},"end":{"line":12,"column":75}},"2":{"start":{"line":13,"column":4},"end":{"line":15,"column":5}},"3":{"start":{"line":14,"column":6},"end":{"line":14,"column":106}},"4":{"start":{"line":16,"column":19},"end":{"line":16,"column":88}},"5":{"start":{"line":17,"column":4},"end":{"line":17,"column":68}},"6":{"start":{"line":19,"column":4},"end":{"line":19,"column":14}},"7":{"start":{"line":24,"column":2},"end":{"line":30,"column":3}},"8":{"start":{"line":25,"column":64},"end":{"line":25,"column":73}},"9":{"start":{"line":26,"column":18},"end":{"line":26,"column":121}},"10":{"start":{"line":27,"column":4},"end":{"line":27,"column":136}},"11":{"start":{"line":29,"column":4},"end":{"line":29,"column":14}},"12":{"start":{"line":34,"column":2},"end":{"line":41,"column":3}},"13":{"start":{"line":35,"column":19},"end":{"line":35,"column":29}},"14":{"start":{"line":36,"column":23},"end":{"line":36,"column":52}},"15":{"start":{"line":37,"column":4},"end":{"line":37,"column":95}},"16":{"start":{"line":37,"column":21},"end":{"line":37,"column":95}},"17":{"start":{"line":38,"column":4},"end":{"line":38,"column":60}},"18":{"start":{"line":40,"column":4},"end":{"line":40,"column":14}},"19":{"start":{"line":45,"column":2},"end":{"line":53,"column":3}},"20":{"start":{"line":46,"column":19},"end":{"line":46,"column":29}},"21":{"start":{"line":47,"column":18},"end":{"line":47,"column":33}},"22":{"start":{"line":48,"column":24},"end":{"line":48,"column":59}},"23":{"start":{"line":49,"column":4},"end":{"line":49,"column":96}},"24":{"start":{"line":49,"column":22},"end":{"line":49,"column":96}},"25":{"start":{"line":50,"column":4},"end":{"line":50,"column":61}},"26":{"start":{"line":52,"column":4},"end":{"line":52,"column":14}},"27":{"start":{"line":57,"column":2},"end":{"line":64,"column":3}},"28":{"start":{"line":58,"column":19},"end":{"line":58,"column":29}},"29":{"start":{"line":59,"column":15},"end":{"line":59,"column":41}},"30":{"start":{"line":60,"column":4},"end":{"line":60,"column":87}},"31":{"start":{"line":60,"column":13},"end":{"line":60,"column":87}},"32":{"start":{"line":61,"column":4},"end":{"line":61,"column":27}},"33":{"start":{"line":63,"column":4},"end":{"line":63,"column":14}}},"fnMap":{"0":{"name":"crear","decl":{"start":{"line":10,"column":22},"end":{"line":10,"column":27}},"loc":{"start":{"line":10,"column":44},"end":{"line":21,"column":1}},"line":10},"1":{"name":"listar","decl":{"start":{"line":23,"column":22},"end":{"line":23,"column":28}},"loc":{"start":{"line":23,"column":45},"end":{"line":31,"column":1}},"line":23},"2":{"name":"obtenerPorId","decl":{"start":{"line":33,"column":22},"end":{"line":33,"column":34}},"loc":{"start":{"line":33,"column":51},"end":{"line":42,"column":1}},"line":33},"3":{"name":"actualizar","decl":{"start":{"line":44,"column":22},"end":{"line":44,"column":32}},"loc":{"start":{"line":44,"column":49},"end":{"line":54,"column":1}},"line":44},"4":{"name":"eliminar","decl":{"start":{"line":56,"column":22},"end":{"line":56,"column":30}},"loc":{"start":{"line":56,"column":47},"end":{"line":65,"column":1}},"line":56}},"branchMap":{"0":{"loc":{"start":{"line":12,"column":61},"end":{"line":12,"column":75}},"type":"binary-expr","locations":[{"start":{"line":12,"column":61},"end":{"line":12,"column":69}},{"start":{"line":12,"column":73},"end":{"line":12,"column":75}}],"line":12},"1":{"loc":{"start":{"line":13,"column":4},"end":{"line":15,"column":5}},"type":"if","locations":[{"start":{"line":13,"column":4},"end":{"line":15,"column":5}},{"start":{},"end":{}}],"line":13},"2":{"loc":{"start":{"line":13,"column":8},"end":{"line":13,"column":50}},"type":"binary-expr","locations":[{"start":{"line":13,"column":8},"end":{"line":13,"column":15}},{"start":{"line":13,"column":19},"end":{"line":13,"column":26}},{"start":{"line":13,"column":30},"end":{"line":13,"column":35}},{"start":{"line":13,"column":39},"end":{"line":13,"column":50}}],"line":13},"3":{"loc":{"start":{"line":25,"column":12},"end":{"line":25,"column":22}},"type":"default-arg","locations":[{"start":{"line":25,"column":21},"end":{"line":25,"column":22}}],"line":25},"4":{"loc":{"start":{"line":25,"column":24},"end":{"line":25,"column":41}},"type":"default-arg","locations":[{"start":{"line":25,"column":39},"end":{"line":25,"column":41}}],"line":25},"5":{"loc":{"start":{"line":37,"column":4},"end":{"line":37,"column":95}},"type":"if","locations":[{"start":{"line":37,"column":4},"end":{"line":37,"column":95}},{"start":{},"end":{}}],"line":37},"6":{"loc":{"start":{"line":49,"column":4},"end":{"line":49,"column":96}},"type":"if","locations":[{"start":{"line":49,"column":4},"end":{"line":49,"column":96}},{"start":{},"end":{}}],"line":49},"7":{"loc":{"start":{"line":60,"column":4},"end":{"line":60,"column":87}},"type":"if","locations":[{"start":{"line":60,"column":4},"end":{"line":60,"column":87}},{"start":{},"end":{}}],"line":60}},"s":{"0":1,"1":1,"2":1,"3":1,"4":0,"5":0,"6":1,"7":0,"8":0,"9":0,"10":0,"11":0,"12":0,"13":0,"14":0,"15":0,"16":0,"17":0,"18":0,"19":0,"20":0,"21":0,"22":0,"23":0,"24":0,"25":0,"26":0,"27":0,"28":0,"29":0,"30":0,"31":0,"32":0,"33":0},"f":{"0":1,"1":0,"2":0,"3":0,"4":0},"b":{"0":[1,0],"1":[1,0],"2":[1,1,0,0],"3":[0],"4":[0],"5":[0,0],"6":[0,0],"7":[0,0]},"_coverageSchema":"1a1c01bbd47fc00a2c39e90264f33305004495a9","hash":"4fd9ea6b878aba27f15b764710291ccbd513e1fb"}
,"C:\\Users\\octav\\OneDrive\\Desktop\\ProyectoFinal_JS\\Backend\\api\\src\\controllers\\usuarios.controller.js": {"path":"C:\\Users\\octav\\OneDrive\\Desktop\\ProyectoFinal_JS\\Backend\\api\\src\\controllers\\usuarios.controller.js","statementMap":{"0":{"start":{"line":14,"column":2},"end":{"line":28,"column":3}},"1":{"start":{"line":15,"column":50},"end":{"line":15,"column":64}},"2":{"start":{"line":16,"column":4},"end":{"line":18,"column":5}},"3":{"start":{"line":17,"column":6},"end":{"line":17,"column":97}},"4":{"start":{"line":19,"column":22},"end":{"line":19,"column":56}},"5":{"start":{"line":20,"column":4},"end":{"line":22,"column":5}},"6":{"start":{"line":21,"column":6},"end":{"line":21,"column":77}},"7":{"start":{"line":23,"column":19},"end":{"line":23,"column":52}},"8":{"start":{"line":24,"column":19},"end":{"line":24,"column":84}},"9":{"start":{"line":25,"column":4},"end":{"line":25,"column":67}},"10":{"start":{"line":27,"column":4},"end":{"line":27,"column":14}},"11":{"start":{"line":32,"column":2},"end":{"line":38,"column":3}},"12":{"start":{"line":33,"column":46},"end":{"line":33,"column":55}},"13":{"start":{"line":34,"column":18},"end":{"line":34,"column":102}},"14":{"start":{"line":35,"column":4},"end":{"line":35,"column":141}},"15":{"start":{"line":37,"column":4},"end":{"line":37,"column":14}},"16":{"start":{"line":42,"column":2},"end":{"line":49,"column":3}},"17":{"start":{"line":43,"column":19},"end":{"line":43,"column":29}},"18":{"start":{"line":44,"column":23},"end":{"line":44,"column":51}},"19":{"start":{"line":45,"column":4},"end":{"line":45,"column":94}},"20":{"start":{"line":45,"column":21},"end":{"line":45,"column":94}},"21":{"start":{"line":46,"column":4},"end":{"line":46,"column":59}},"22":{"start":{"line":48,"column":4},"end":{"line":48,"column":14}},"23":{"start":{"line":53,"column":2},"end":{"line":62,"column":3}},"24":{"start":{"line":54,"column":19},"end":{"line":54,"column":29}},"25":{"start":{"line":55,"column":18},"end":{"line":55,"column":33}},"26":{"start":{"line":56,"column":4},"end":{"line":56,"column":89}},"27":{"start":{"line":56,"column":24},"end":{"line":56,"column":89}},"28":{"start":{"line":57,"column":24},"end":{"line":57,"column":58}},"29":{"start":{"line":58,"column":4},"end":{"line":58,"column":95}},"30":{"start":{"line":58,"column":22},"end":{"line":58,"column":95}},"31":{"start":{"line":59,"column":4},"end":{"line":59,"column":60}},"32":{"start":{"line":61,"column":4},"end":{"line":61,"column":14}},"33":{"start":{"line":66,"column":2},"end":{"line":73,"column":3}},"34":{"start":{"line":67,"column":19},"end":{"line":67,"column":29}},"35":{"start":{"line":68,"column":15},"end":{"line":68,"column":40}},"36":{"start":{"line":69,"column":4},"end":{"line":69,"column":86}},"37":{"start":{"line":69,"column":13},"end":{"line":69,"column":86}},"38":{"start":{"line":70,"column":4},"end":{"line":70,"column":27}},"39":{"start":{"line":72,"column":4},"end":{"line":72,"column":14}},"40":{"start":{"line":77,"column":2},"end":{"line":96,"column":3}},"41":{"start":{"line":78,"column":32},"end":{"line":78,"column":46}},"42":{"start":{"line":79,"column":4},"end":{"line":79,"column":108}},"43":{"start":{"line":79,"column":29},"end":{"line":79,"column":108}},"44":{"start":{"line":81,"column":20},"end":{"line":81,"column":54}},"45":{"start":{"line":82,"column":4},"end":{"line":82,"column":92}},"46":{"start":{"line":82,"column":18},"end":{"line":82,"column":92}},"47":{"start":{"line":84,"column":15},"end":{"line":84,"column":68}},"48":{"start":{"line":85,"column":4},"end":{"line":85,"column":87}},"49":{"start":{"line":85,"column":13},"end":{"line":85,"column":87}},"50":{"start":{"line":87,"column":18},"end":{"line":87,"column":73}},"51":{"start":{"line":88,"column":19},"end":{"line":88,"column":111}},"52":{"start":{"line":90,"column":4},"end":{"line":93,"column":7}},"53":{"start":{"line":95,"column":4},"end":{"line":95,"column":14}}},"fnMap":{"0":{"name":"crear","decl":{"start":{"line":13,"column":22},"end":{"line":13,"column":27}},"loc":{"start":{"line":13,"column":44},"end":{"line":29,"column":1}},"line":13},"1":{"name":"listar","decl":{"start":{"line":31,"column":22},"end":{"line":31,"column":28}},"loc":{"start":{"line":31,"column":45},"end":{"line":39,"column":1}},"line":31},"2":{"name":"obtenerPorId","decl":{"start":{"line":41,"column":22},"end":{"line":41,"column":34}},"loc":{"start":{"line":41,"column":51},"end":{"line":50,"column":1}},"line":41},"3":{"name":"actualizar","decl":{"start":{"line":52,"column":22},"end":{"line":52,"column":32}},"loc":{"start":{"line":52,"column":49},"end":{"line":63,"column":1}},"line":52},"4":{"name":"eliminar","decl":{"start":{"line":65,"column":22},"end":{"line":65,"column":30}},"loc":{"start":{"line":65,"column":47},"end":{"line":74,"column":1}},"line":65},"5":{"name":"login","decl":{"start":{"line":76,"column":22},"end":{"line":76,"column":27}},"loc":{"start":{"line":76,"column":44},"end":{"line":97,"column":1}},"line":76}},"branchMap":{"0":{"loc":{"start":{"line":15,"column":50},"end":{"line":15,"column":64}},"type":"binary-expr","locations":[{"start":{"line":15,"column":50},"end":{"line":15,"column":58}},{"start":{"line":15,"column":62},"end":{"line":15,"column":64}}],"line":15},"1":{"loc":{"start":{"line":16,"column":4},"end":{"line":18,"column":5}},"type":"if","locations":[{"start":{"line":16,"column":4},"end":{"line":18,"column":5}},{"start":{},"end":{}}],"line":16},"2":{"loc":{"start":{"line":16,"column":8},"end":{"line":16,"column":38}},"type":"binary-expr","locations":[{"start":{"line":16,"column":8},"end":{"line":16,"column":15}},{"start":{"line":16,"column":19},"end":{"line":16,"column":25}},{"start":{"line":16,"column":29},"end":{"line":16,"column":38}}],"line":16},"3":{"loc":{"start":{"line":20,"column":4},"end":{"line":22,"column":5}},"type":"if","locations":[{"start":{"line":20,"column":4},"end":{"line":22,"column":5}},{"start":{},"end":{}}],"line":20},"4":{"loc":{"start":{"line":33,"column":12},"end":{"line":33,"column":22}},"type":"default-arg","locations":[{"start":{"line":33,"column":21},"end":{"line":33,"column":22}}],"line":33},"5":{"loc":{"start":{"line":33,"column":24},"end":{"line":33,"column":41}},"type":"default-arg","locations":[{"start":{"line":33,"column":39},"end":{"line":33,"column":41}}],"line":33},"6":{"loc":{"start":{"line":45,"column":4},"end":{"line":45,"column":94}},"type":"if","locations":[{"start":{"line":45,"column":4},"end":{"line":45,"column":94}},{"start":{},"end":{}}],"line":45},"7":{"loc":{"start":{"line":56,"column":4},"end":{"line":56,"column":89}},"type":"if","locations":[{"start":{"line":56,"column":4},"end":{"line":56,"column":89}},{"start":{},"end":{}}],"line":56},"8":{"loc":{"start":{"line":58,"column":4},"end":{"line":58,"column":95}},"type":"if","locations":[{"start":{"line":58,"column":4},"end":{"line":58,"column":95}},{"start":{},"end":{}}],"line":58},"9":{"loc":{"start":{"line":69,"column":4},"end":{"line":69,"column":86}},"type":"if","locations":[{"start":{"line":69,"column":4},"end":{"line":69,"column":86}},{"start":{},"end":{}}],"line":69},"10":{"loc":{"start":{"line":78,"column":32},"end":{"line":78,"column":46}},"type":"binary-expr","locations":[{"start":{"line":78,"column":32},"end":{"line":78,"column":40}},{"start":{"line":78,"column":44},"end":{"line":78,"column":46}}],"line":78},"11":{"loc":{"start":{"line":79,"column":4},"end":{"line":79,"column":108}},"type":"if","locations":[{"start":{"line":79,"column":4},"end":{"line":79,"column":108}},{"start":{},"end":{}}],"line":79},"12":{"loc":{"start":{"line":79,"column":8},"end":{"line":79,"column":27}},"type":"binary-expr","locations":[{"start":{"line":79,"column":8},"end":{"line":79,"column":14}},{"start":{"line":79,"column":18},"end":{"line":79,"column":27}}],"line":79},"13":{"loc":{"start":{"line":82,"column":4},"end":{"line":82,"column":92}},"type":"if","locations":[{"start":{"line":82,"column":4},"end":{"line":82,"column":92}},{"start":{},"end":{}}],"line":82},"14":{"loc":{"start":{"line":85,"column":4},"end":{"line":85,"column":87}},"type":"if","locations":[{"start":{"line":85,"column":4},"end":{"line":85,"column":87}},{"start":{},"end":{}}],"line":85}},"s":{"0":1,"1":1,"2":1,"3":1,"4":0,"5":0,"6":0,"7":0,"8":0,"9":0,"10":1,"11":0,"12":0,"13":0,"14":0,"15":0,"16":0,"17":0,"18":0,"19":0,"20":0,"21":0,"22":0,"23":0,"24":0,"25":0,"26":0,"27":0,"28":0,"29":0,"30":0,"31":0,"32":0,"33":0,"34":0,"35":0,"36":0,"37":0,"38":0,"39":0,"40":0,"41":0,"42":0,"43":0,"44":0,"45":0,"46":0,"47":0,"48":0,"49":0,"50":0,"51":0,"52":0,"53":0},"f":{"0":1,"1":0,"2":0,"3":0,"4":0,"5":0},"b":{"0":[1,0],"1":[1,0],"2":[1,1,0],"3":[0,0],"4":[0],"5":[0],"6":[0,0],"7":[0,0],"8":[0,0],"9":[0,0],"10":[0,0],"11":[0,0],"12":[0,0],"13":[0,0],"14":[0,0]},"_coverageSchema":"1a1c01bbd47fc00a2c39e90264f33305004495a9","hash":"b5fa9a9313f0fc4e98e0eec8aa7914c8df706b3e"}
,"C:\\Users\\octav\\OneDrive\\Desktop\\ProyectoFinal_JS\\Backend\\api\\src\\db\\pool.js": {"path":"C:\\Users\\octav\\OneDrive\\Desktop\\ProyectoFinal_JS\\Backend\\api\\src\\db\\pool.js","statementMap":{"0":{"start":{"line":5,"column":0},"end":{"line":5,"column":16}},"1":{"start":{"line":7,"column":13},"end":{"line":7,"column":34}},"2":{"start":{"line":9,"column":23},"end":{"line":17,"column":1}},"3":{"start":{"line":10,"column":2},"end":{"line":16,"column":3}},"4":{"start":{"line":11,"column":4},"end":{"line":11,"column":25}},"5":{"start":{"line":12,"column":16},"end":{"line":12,"column":48}},"6":{"start":{"line":13,"column":4},"end":{"line":13,"column":63}},"7":{"start":{"line":15,"column":4},"end":{"line":15,"column":59}},"8":{"start":{"line":19,"column":0},"end":{"line":19,"column":17}}},"fnMap":{"0":{"name":"(anonymous_0)","decl":{"start":{"line":9,"column":23},"end":{"line":9,"column":24}},"loc":{"start":{"line":9,"column":35},"end":{"line":17,"column":1}},"line":9}},"branchMap":{},"s":{"0":1,"1":1,"2":1,"3":1,"4":1,"5":0,"6":0,"7":1,"8":1},"f":{"0":1},"b":{},"_coverageSchema":"1a1c01bbd47fc00a2c39e90264f33305004495a9","hash":"449c50ac5a48b9af0b315b00a0163af2db4a9c24"}
,"C:\\Users\\octav\\OneDrive\\Desktop\\ProyectoFinal_JS\\Backend\\api\\src\\helpers\\crypto.js": {"path":"C:\\Users\\octav\\OneDrive\\Desktop\\ProyectoFinal_JS\\Backend\\api\\src\\helpers\\crypto.js","statementMap":{"0":{"start":{"line":4,"column":2},"end":{"line":6,"column":3}},"1":{"start":{"line":5,"column":4},"end":{"line":5,"column":73}},"2":{"start":{"line":7,"column":17},"end":{"line":7,"column":83}},"3":{"start":{"line":8,"column":14},"end":{"line":8,"column":42}},"4":{"start":{"line":9,"column":15},"end":{"line":9,"column":54}},"5":{"start":{"line":10,"column":2},"end":{"line":10,"column":14}},"6":{"start":{"line":14,"column":2},"end":{"line":18,"column":3}},"7":{"start":{"line":15,"column":4},"end":{"line":15,"column":69}},"8":{"start":{"line":17,"column":4},"end":{"line":17,"column":17}}},"fnMap":{"0":{"name":"hashearContrasena","decl":{"start":{"line":3,"column":22},"end":{"line":3,"column":39}},"loc":{"start":{"line":3,"column":57},"end":{"line":11,"column":1}},"line":3},"1":{"name":"verificarContrasena","decl":{"start":{"line":13,"column":22},"end":{"line":13,"column":41}},"loc":{"start":{"line":13,"column":71},"end":{"line":19,"column":1}},"line":13}},"branchMap":{"0":{"loc":{"start":{"line":4,"column":2},"end":{"line":6,"column":3}},"type":"if","locations":[{"start":{"line":4,"column":2},"end":{"line":6,"column":3}},{"start":{},"end":{}}],"line":4},"1":{"loc":{"start":{"line":4,"column":6},"end":{"line":4,"column":61}},"type":"binary-expr","locations":[{"start":{"line":4,"column":6},"end":{"line":4,"column":22}},{"start":{"line":4,"column":26},"end":{"line":4,"column":61}}],"line":4},"2":{"loc":{"start":{"line":7,"column":17},"end":{"line":7,"column":83}},"type":"cond-expr","locations":[{"start":{"line":7,"column":45},"end":{"line":7,"column":78}},{"start":{"line":7,"column":81},"end":{"line":7,"column":83}}],"line":7}},"s":{"0":0,"1":0,"2":0,"3":0,"4":0,"5":0,"6":0,"7":0,"8":0},"f":{"0":0,"1":0},"b":{"0":[0,0],"1":[0,0],"2":[0,0]},"_coverageSchema":"1a1c01bbd47fc00a2c39e90264f33305004495a9","hash":"132abd65410f4756bd19ec19fb11b230655619e4"}
,"C:\\Users\\octav\\OneDrive\\Desktop\\ProyectoFinal_JS\\Backend\\api\\src\\helpers\\hateoas.js": {"path":"C:\\Users\\octav\\OneDrive\\Desktop\\ProyectoFinal_JS\\Backend\\api\\src\\helpers\\hateoas.js","statementMap":{"0":{"start":{"line":2,"column":20},"end":{"line":2,"column":32}},"1":{"start":{"line":3,"column":15},"end":{"line":3,"column":30}},"2":{"start":{"line":4,"column":2},"end":{"line":4,"column":34}},"3":{"start":{"line":8,"column":15},"end":{"line":8,"column":41}},"4":{"start":{"line":9,"column":2},"end":{"line":12,"column":4}},"5":{"start":{"line":16,"column":15},"end":{"line":16,"column":41}},"6":{"start":{"line":17,"column":14},"end":{"line":17,"column":47}},"7":{"start":{"line":18,"column":2},"end":{"line":18,"column":49}},"8":{"start":{"line":19,"column":2},"end":{"line":19,"column":61}},"9":{"start":{"line":20,"column":18},"end":{"line":20,"column":42}},"10":{"start":{"line":22,"column":23},"end":{"line":22,"column":67}},"11":{"start":{"line":23,"column":2},"end":{"line":27,"column":3}},"12":{"start":{"line":24,"column":25},"end":{"line":24,"column":37}},"13":{"start":{"line":25,"column":4},"end":{"line":25,"column":64}},"14":{"start":{"line":26,"column":4},"end":{"line":26,"column":43}},"15":{"start":{"line":28,"column":2},"end":{"line":32,"column":3}},"16":{"start":{"line":29,"column":22},"end":{"line":29,"column":34}},"17":{"start":{"line":30,"column":4},"end":{"line":30,"column":61}},"18":{"start":{"line":31,"column":4},"end":{"line":31,"column":40}},"19":{"start":{"line":33,"column":2},"end":{"line":33,"column":17}},"20":{"start":{"line":37,"column":2},"end":{"line":46,"column":4}},"21":{"start":{"line":41,"column":32},"end":{"line":44,"column":5}},"22":{"start":{"line":50,"column":2},"end":{"line":53,"column":4}}},"fnMap":{"0":{"name":"urlBaseDesdeSolicitud","decl":{"start":{"line":1,"column":9},"end":{"line":1,"column":30}},"loc":{"start":{"line":1,"column":36},"end":{"line":5,"column":1}},"line":1},"1":{"name":"enlacesDeRecurso","decl":{"start":{"line":7,"column":16},"end":{"line":7,"column":32}},"loc":{"start":{"line":7,"column":51},"end":{"line":13,"column":1}},"line":7},"2":{"name":"enlacesDeColeccion","decl":{"start":{"line":15,"column":16},"end":{"line":15,"column":34}},"loc":{"start":{"line":15,"column":78},"end":{"line":34,"column":1}},"line":15},"3":{"name":"aHateoasColeccion","decl":{"start":{"line":36,"column":16},"end":{"line":36,"column":33}},"loc":{"start":{"line":36,"column":133},"end":{"line":47,"column":1}},"line":36},"4":{"name":"(anonymous_4)","decl":{"start":{"line":41,"column":21},"end":{"line":41,"column":22}},"loc":{"start":{"line":41,"column":32},"end":{"line":44,"column":5}},"line":41},"5":{"name":"aHateoasRecurso","decl":{"start":{"line":49,"column":16},"end":{"line":49,"column":31}},"loc":{"start":{"line":49,"column":52},"end":{"line":54,"column":1}},"line":49}},"branchMap":{"0":{"loc":{"start":{"line":23,"column":2},"end":{"line":27,"column":3}},"type":"if","locations":[{"start":{"line":23,"column":2},"end":{"line":27,"column":3}},{"start":{},"end":{}}],"line":23},"1":{"loc":{"start":{"line":28,"column":2},"end":{"line":32,"column":3}},"type":"if","locations":[{"start":{"line":28,"column":2},"end":{"line":32,"column":3}},{"start":{},"end":{}}],"line":28},"2":{"loc":{"start":{"line":36,"column":55},"end":{"line":36,"column":131}},"type":"default-arg","locations":[{"start":{"line":36,"column":129},"end":{"line":36,"column":131}}],"line":36},"3":{"loc":{"start":{"line":36,"column":57},"end":{"line":36,"column":67}},"type":"default-arg","locations":[{"start":{"line":36,"column":66},"end":{"line":36,"column":67}}],"line":36},"4":{"loc":{"start":{"line":36,"column":69},"end":{"line":36,"column":102}},"type":"default-arg","locations":[{"start":{"line":36,"column":84},"end":{"line":36,"column":102}}],"line":36},"5":{"loc":{"start":{"line":36,"column":84},"end":{"line":36,"column":102}},"type":"binary-expr","locations":[{"start":{"line":36,"column":84},"end":{"line":36,"column":96}},{"start":{"line":36,"column":100},"end":{"line":36,"column":102}}],"line":36},"6":{"loc":{"start":{"line":36,"column":104},"end":{"line":36,"column":124}},"type":"default-arg","locations":[{"start":{"line":36,"column":112},"end":{"line":36,"column":124}}],"line":36}},"s":{"0":0,"1":0,"2":0,"3":0,"4":0,"5":0,"6":0,"7":0,"8":0,"9":0,"10":0,"11":0,"12":0,"13":0,"14":0,"15":0,"16":0,"17":0,"18":0,"19":0,"20":0,"21":0,"22":0},"f":{"0":0,"1":0,"2":0,"3":0,"4":0,"5":0},"b":{"0":[0,0],"1":[0,0],"2":[0],"3":[0],"4":[0],"5":[0,0],"6":[0]},"_coverageSchema":"1a1c01bbd47fc00a2c39e90264f33305004495a9","hash":"cc7cb6cc2bdb1202b5021cf8f129c42e4720c98a"}
,"C:\\Users\\octav\\OneDrive\\Desktop\\ProyectoFinal_JS\\Backend\\api\\src\\middlewares\\auth.js": {"path":"C:\\Users\\octav\\OneDrive\\Desktop\\ProyectoFinal_JS\\Backend\\api\\src\\middlewares\\auth.js","statementMap":{"0":{"start":{"line":3,"column":33},"end":{"line":14,"column":1}},"1":{"start":{"line":4,"column":2},"end":{"line":13,"column":3}},"2":{"start":{"line":5,"column":18},"end":{"line":5,"column":58}},"3":{"start":{"line":6,"column":4},"end":{"line":8,"column":5}},"4":{"start":{"line":7,"column":6},"end":{"line":7,"column":64}},"5":{"start":{"line":9,"column":4},"end":{"line":9,"column":34}},"6":{"start":{"line":10,"column":4},"end":{"line":10,"column":11}},"7":{"start":{"line":12,"column":4},"end":{"line":12,"column":54}}},"fnMap":{"0":{"name":"(anonymous_0)","decl":{"start":{"line":3,"column":33},"end":{"line":3,"column":34}},"loc":{"start":{"line":3,"column":53},"end":{"line":14,"column":1}},"line":3}},"branchMap":{"0":{"loc":{"start":{"line":6,"column":4},"end":{"line":8,"column":5}},"type":"if","locations":[{"start":{"line":6,"column":4},"end":{"line":8,"column":5}},{"start":{},"end":{}}],"line":6}},"s":{"0":1,"1":1,"2":1,"3":1,"4":1,"5":0,"6":0,"7":0},"f":{"0":1},"b":{"0":[1,0]},"_coverageSchema":"1a1c01bbd47fc00a2c39e90264f33305004495a9","hash":"c45bd62c2ab22e93fe6da84e90b930ef436cd977"}
,"C:\\Users\\octav\\OneDrive\\Desktop\\ProyectoFinal_JS\\Backend\\api\\src\\middlewares\\errorHandler.js": {"path":"C:\\Users\\octav\\OneDrive\\Desktop\\ProyectoFinal_JS\\Backend\\api\\src\\middlewares\\errorHandler.js","statementMap":{"0":{"start":{"line":2,"column":17},"end":{"line":2,"column":36}},"1":{"start":{"line":3,"column":17},"end":{"line":3,"column":40}},"2":{"start":{"line":4,"column":18},"end":{"line":4,"column":63}},"3":{"start":{"line":5,"column":2},"end":{"line":7,"column":3}},"4":{"start":{"line":6,"column":4},"end":{"line":6,"column":25}},"5":{"start":{"line":8,"column":2},"end":{"line":8,"column":60}}},"fnMap":{"0":{"name":"manejadorErrores","decl":{"start":{"line":1,"column":16},"end":{"line":1,"column":32}},"loc":{"start":{"line":1,"column":56},"end":{"line":9,"column":1}},"line":1}},"branchMap":{"0":{"loc":{"start":{"line":2,"column":17},"end":{"line":2,"column":36}},"type":"binary-expr","locations":[{"start":{"line":2,"column":17},"end":{"line":2,"column":29}},{"start":{"line":2,"column":33},"end":{"line":2,"column":36}}],"line":2},"1":{"loc":{"start":{"line":3,"column":17},"end":{"line":3,"column":40}},"type":"binary-expr","locations":[{"start":{"line":3,"column":17},"end":{"line":3,"column":27}},{"start":{"line":3,"column":31},"end":{"line":3,"column":40}}],"line":3},"2":{"loc":{"start":{"line":4,"column":18},"end":{"line":4,"column":63}},"type":"binary-expr","locations":[{"start":{"line":4,"column":18},"end":{"line":4,"column":31}},{"start":{"line":4,"column":35},"end":{"line":4,"column":63}}],"line":4},"3":{"loc":{"start":{"line":5,"column":2},"end":{"line":7,"column":3}},"type":"if","locations":[{"start":{"line":5,"column":2},"end":{"line":7,"column":3}},{"start":{},"end":{}}],"line":5}},"s":{"0":2,"1":2,"2":2,"3":2,"4":0,"5":2},"f":{"0":2},"b":{"0":[2,0],"1":[2,2],"2":[2,0],"3":[0,2]},"_coverageSchema":"1a1c01bbd47fc00a2c39e90264f33305004495a9","hash":"496453a1204ef96b07dabe968a70ff8756e33d08"}
,"C:\\Users\\octav\\OneDrive\\Desktop\\ProyectoFinal_JS\\Backend\\api\\src\\middlewares\\logger.js": {"path":"C:\\Users\\octav\\OneDrive\\Desktop\\ProyectoFinal_JS\\Backend\\api\\src\\middlewares\\logger.js","statementMap":{"0":{"start":{"line":2,"column":17},"end":{"line":2,"column":27}},"1":{"start":{"line":3,"column":2},"end":{"line":6,"column":5}},"2":{"start":{"line":4,"column":27},"end":{"line":4,"column":46}},"3":{"start":{"line":5,"column":4},"end":{"line":5,"column":92}},"4":{"start":{"line":7,"column":2},"end":{"line":7,"column":9}}},"fnMap":{"0":{"name":"registroSolicitudes","decl":{"start":{"line":1,"column":16},"end":{"line":1,"column":35}},"loc":{"start":{"line":1,"column":52},"end":{"line":8,"column":1}},"line":1},"1":{"name":"(anonymous_1)","decl":{"start":{"line":3,"column":19},"end":{"line":3,"column":20}},"loc":{"start":{"line":3,"column":25},"end":{"line":6,"column":3}},"line":3}},"branchMap":{},"s":{"0":3,"1":3,"2":3,"3":3,"4":3},"f":{"0":3,"1":3},"b":{},"_coverageSchema":"1a1c01bbd47fc00a2c39e90264f33305004495a9","hash":"94ba53aa957c65e3adb1a2ee5a146f51a267f6d9"}
,"C:\\Users\\octav\\OneDrive\\Desktop\\ProyectoFinal_JS\\Backend\\api\\src\\middlewares\\notFound.js": {"path":"C:\\Users\\octav\\OneDrive\\Desktop\\ProyectoFinal_JS\\Backend\\api\\src\\middlewares\\notFound.js","statementMap":{"0":{"start":{"line":2,"column":2},"end":{"line":2,"column":59}}},"fnMap":{"0":{"name":"noEncontrado","decl":{"start":{"line":1,"column":16},"end":{"line":1,"column":28}},"loc":{"start":{"line":1,"column":45},"end":{"line":3,"column":1}},"line":1}},"branchMap":{},"s":{"0":0},"f":{"0":0},"b":{},"_coverageSchema":"1a1c01bbd47fc00a2c39e90264f33305004495a9","hash":"a6a3258aa4558733cbd5e749e6fa0d3a4f538714"}
,"C:\\Users\\octav\\OneDrive\\Desktop\\ProyectoFinal_JS\\Backend\\api\\src\\models\\carrito.model.js": {"path":"C:\\Users\\octav\\OneDrive\\Desktop\\ProyectoFinal_JS\\Backend\\api\\src\\models\\carrito.model.js","statementMap":{"0":{"start":{"line":4,"column":2},"end":{"line":4,"column":94}},"1":{"start":{"line":5,"column":14},"end":{"line":8,"column":63}},"2":{"start":{"line":9,"column":2},"end":{"line":9,"column":46}},"3":{"start":{"line":10,"column":19},"end":{"line":10,"column":77}},"4":{"start":{"line":11,"column":2},"end":{"line":11,"column":61}},"5":{"start":{"line":12,"column":2},"end":{"line":12,"column":17}},"6":{"start":{"line":16,"column":19},"end":{"line":19,"column":3}},"7":{"start":{"line":20,"column":2},"end":{"line":20,"column":25}},"8":{"start":{"line":24,"column":23},"end":{"line":24,"column":132}},"9":{"start":{"line":25,"column":2},"end":{"line":25,"column":22}},"10":{"start":{"line":29,"column":23},"end":{"line":29,"column":98}},"11":{"start":{"line":30,"column":2},"end":{"line":30,"column":18}},"12":{"start":{"line":34,"column":2},"end":{"line":34,"column":90}},"13":{"start":{"line":35,"column":16},"end":{"line":35,"column":64}},"14":{"start":{"line":36,"column":17},"end":{"line":36,"column":58}},"15":{"start":{"line":37,"column":2},"end":{"line":37,"column":71}},"16":{"start":{"line":39,"column":21},"end":{"line":39,"column":87}},"17":{"start":{"line":40,"column":30},"end":{"line":40,"column":72}},"18":{"start":{"line":41,"column":16},"end":{"line":41,"column":34}},"19":{"start":{"line":42,"column":2},"end":{"line":42,"column":59}},"20":{"start":{"line":44,"column":20},"end":{"line":50,"column":40}},"21":{"start":{"line":51,"column":19},"end":{"line":51,"column":75}},"22":{"start":{"line":52,"column":2},"end":{"line":52,"column":67}},"23":{"start":{"line":54,"column":20},"end":{"line":54,"column":87}},"24":{"start":{"line":55,"column":2},"end":{"line":55,"column":53}},"25":{"start":{"line":56,"column":2},"end":{"line":56,"column":19}}},"fnMap":{"0":{"name":"agregarAlCarrito","decl":{"start":{"line":3,"column":22},"end":{"line":3,"column":38}},"loc":{"start":{"line":3,"column":82},"end":{"line":13,"column":1}},"line":3},"1":{"name":"actualizarCantidad","decl":{"start":{"line":15,"column":22},"end":{"line":15,"column":40}},"loc":{"start":{"line":15,"column":80},"end":{"line":21,"column":1}},"line":15},"2":{"name":"eliminarDelCarrito","decl":{"start":{"line":23,"column":22},"end":{"line":23,"column":40}},"loc":{"start":{"line":23,"column":70},"end":{"line":26,"column":1}},"line":23},"3":{"name":"vaciarCarrito","decl":{"start":{"line":28,"column":22},"end":{"line":28,"column":35}},"loc":{"start":{"line":28,"column":52},"end":{"line":31,"column":1}},"line":28},"4":{"name":"listarCarrito","decl":{"start":{"line":33,"column":22},"end":{"line":33,"column":35}},"loc":{"start":{"line":33,"column":83},"end":{"line":57,"column":1}},"line":33}},"branchMap":{"0":{"loc":{"start":{"line":3,"column":66},"end":{"line":3,"column":78}},"type":"default-arg","locations":[{"start":{"line":3,"column":77},"end":{"line":3,"column":78}}],"line":3},"1":{"loc":{"start":{"line":20,"column":9},"end":{"line":20,"column":24}},"type":"binary-expr","locations":[{"start":{"line":20,"column":9},"end":{"line":20,"column":16}},{"start":{"line":20,"column":20},"end":{"line":20,"column":24}}],"line":20},"2":{"loc":{"start":{"line":33,"column":50},"end":{"line":33,"column":60}},"type":"default-arg","locations":[{"start":{"line":33,"column":59},"end":{"line":33,"column":60}}],"line":33},"3":{"loc":{"start":{"line":33,"column":62},"end":{"line":33,"column":79}},"type":"default-arg","locations":[{"start":{"line":33,"column":77},"end":{"line":33,"column":79}}],"line":33}},"s":{"0":0,"1":0,"2":0,"3":0,"4":0,"5":0,"6":0,"7":0,"8":0,"9":0,"10":0,"11":0,"12":0,"13":0,"14":0,"15":0,"16":0,"17":0,"18":0,"19":0,"20":0,"21":0,"22":0,"23":0,"24":0,"25":0},"f":{"0":0,"1":0,"2":0,"3":0,"4":0},"b":{"0":[0],"1":[0,0],"2":[0],"3":[0]},"_coverageSchema":"1a1c01bbd47fc00a2c39e90264f33305004495a9","hash":"a97ffb9f8b3c9128e4d810feeac37fb6ab24a5d7"}
,"C:\\Users\\octav\\OneDrive\\Desktop\\ProyectoFinal_JS\\Backend\\api\\src\\models\\favoritos.model.js": {"path":"C:\\Users\\octav\\OneDrive\\Desktop\\ProyectoFinal_JS\\Backend\\api\\src\\models\\favoritos.model.js","statementMap":{"0":{"start":{"line":4,"column":14},"end":{"line":7,"column":53}},"1":{"start":{"line":8,"column":19},"end":{"line":8,"column":67}},"2":{"start":{"line":9,"column":2},"end":{"line":9,"column":25}},"3":{"start":{"line":13,"column":23},"end":{"line":13,"column":134}},"4":{"start":{"line":14,"column":2},"end":{"line":14,"column":22}},"5":{"start":{"line":18,"column":16},"end":{"line":18,"column":64}},"6":{"start":{"line":19,"column":17},"end":{"line":19,"column":58}},"7":{"start":{"line":20,"column":21},"end":{"line":20,"column":89}},"8":{"start":{"line":21,"column":30},"end":{"line":21,"column":72}},"9":{"start":{"line":22,"column":16},"end":{"line":22,"column":34}},"10":{"start":{"line":23,"column":20},"end":{"line":28,"column":40}},"11":{"start":{"line":29,"column":19},"end":{"line":29,"column":75}},"12":{"start":{"line":30,"column":2},"end":{"line":30,"column":77}}},"fnMap":{"0":{"name":"agregarFavorito","decl":{"start":{"line":3,"column":22},"end":{"line":3,"column":37}},"loc":{"start":{"line":3,"column":67},"end":{"line":10,"column":1}},"line":3},"1":{"name":"eliminarFavorito","decl":{"start":{"line":12,"column":22},"end":{"line":12,"column":38}},"loc":{"start":{"line":12,"column":68},"end":{"line":15,"column":1}},"line":12},"2":{"name":"listarFavoritos","decl":{"start":{"line":17,"column":22},"end":{"line":17,"column":37}},"loc":{"start":{"line":17,"column":85},"end":{"line":31,"column":1}},"line":17}},"branchMap":{"0":{"loc":{"start":{"line":9,"column":9},"end":{"line":9,"column":24}},"type":"binary-expr","locations":[{"start":{"line":9,"column":9},"end":{"line":9,"column":16}},{"start":{"line":9,"column":20},"end":{"line":9,"column":24}}],"line":9},"1":{"loc":{"start":{"line":17,"column":52},"end":{"line":17,"column":62}},"type":"default-arg","locations":[{"start":{"line":17,"column":61},"end":{"line":17,"column":62}}],"line":17},"2":{"loc":{"start":{"line":17,"column":64},"end":{"line":17,"column":81}},"type":"default-arg","locations":[{"start":{"line":17,"column":79},"end":{"line":17,"column":81}}],"line":17}},"s":{"0":0,"1":0,"2":0,"3":0,"4":0,"5":0,"6":0,"7":0,"8":0,"9":0,"10":0,"11":0,"12":0},"f":{"0":0,"1":0,"2":0},"b":{"0":[0,0],"1":[0],"2":[0]},"_coverageSchema":"1a1c01bbd47fc00a2c39e90264f33305004495a9","hash":"5a183fe6258bfd0ca4d3419d6a8ec7397a468b9d"}
,"C:\\Users\\octav\\OneDrive\\Desktop\\ProyectoFinal_JS\\Backend\\api\\src\\models\\orden.model.js": {"path":"C:\\Users\\octav\\OneDrive\\Desktop\\ProyectoFinal_JS\\Backend\\api\\src\\models\\orden.model.js","statementMap":{"0":{"start":{"line":4,"column":2},"end":{"line":4,"column":79}},"1":{"start":{"line":6,"column":2},"end":{"line":70,"column":3}},"2":{"start":{"line":8,"column":19},"end":{"line":8,"column":39}},"3":{"start":{"line":10,"column":4},"end":{"line":65,"column":5}},"4":{"start":{"line":11,"column":6},"end":{"line":11,"column":34}},"5":{"start":{"line":14,"column":25},"end":{"line":18,"column":7}},"6":{"start":{"line":19,"column":34},"end":{"line":19,"column":85}},"7":{"start":{"line":20,"column":20},"end":{"line":20,"column":32}},"8":{"start":{"line":22,"column":6},"end":{"line":22,"column":42}},"9":{"start":{"line":25,"column":25},"end":{"line":25,"column":27}},"10":{"start":{"line":26,"column":6},"end":{"line":42,"column":7}},"11":{"start":{"line":27,"column":26},"end":{"line":31,"column":9}},"12":{"start":{"line":32,"column":25},"end":{"line":32,"column":52}},"13":{"start":{"line":33,"column":35},"end":{"line":40,"column":10}},"14":{"start":{"line":41,"column":8},"end":{"line":41,"column":37}},"15":{"start":{"line":45,"column":6},"end":{"line":45,"column":84}},"16":{"start":{"line":47,"column":6},"end":{"line":47,"column":35}},"17":{"start":{"line":49,"column":6},"end":{"line":58,"column":8}},"18":{"start":{"line":61,"column":6},"end":{"line":61,"column":37}},"19":{"start":{"line":62,"column":6},"end":{"line":62,"column":18}},"20":{"start":{"line":64,"column":6},"end":{"line":64,"column":23}},"21":{"start":{"line":68,"column":4},"end":{"line":68,"column":49}},"22":{"start":{"line":69,"column":4},"end":{"line":69,"column":16}},"23":{"start":{"line":74,"column":16},"end":{"line":81,"column":3}},"24":{"start":{"line":83,"column":19},"end":{"line":83,"column":56}},"25":{"start":{"line":86,"column":18},"end":{"line":86,"column":20}},"26":{"start":{"line":87,"column":2},"end":{"line":107,"column":5}},"27":{"start":{"line":88,"column":4},"end":{"line":96,"column":5}},"28":{"start":{"line":89,"column":6},"end":{"line":95,"column":8}},"29":{"start":{"line":98,"column":4},"end":{"line":106,"column":5}},"30":{"start":{"line":99,"column":6},"end":{"line":105,"column":9}},"31":{"start":{"line":109,"column":2},"end":{"line":109,"column":32}}},"fnMap":{"0":{"name":"crearOrden","decl":{"start":{"line":3,"column":22},"end":{"line":3,"column":32}},"loc":{"start":{"line":3,"column":63},"end":{"line":71,"column":1}},"line":3},"1":{"name":"obtenerOrdenesUsuario","decl":{"start":{"line":73,"column":22},"end":{"line":73,"column":43}},"loc":{"start":{"line":73,"column":56},"end":{"line":110,"column":1}},"line":73},"2":{"name":"(anonymous_2)","decl":{"start":{"line":87,"column":15},"end":{"line":87,"column":16}},"loc":{"start":{"line":87,"column":22},"end":{"line":107,"column":3}},"line":87}},"branchMap":{"0":{"loc":{"start":{"line":88,"column":4},"end":{"line":96,"column":5}},"type":"if","locations":[{"start":{"line":88,"column":4},"end":{"line":96,"column":5}},{"start":{},"end":{}}],"line":88},"1":{"loc":{"start":{"line":98,"column":4},"end":{"line":106,"column":5}},"type":"if","locations":[{"start":{"line":98,"column":4},"end":{"line":106,"column":5}},{"start":{},"end":{}}],"line":98}},"s":{"0":0,"1":0,"2":0,"3":0,"4":0,"5":0,"6":0,"7":0,"8":0,"9":0,"10":0,"11":0,"12":0,"13":0,"14":0,"15":0,"16":0,"17":0,"18":0,"19":0,"20":0,"21":0,"22":0,"23":0,"24":0,"25":0,"26":0,"27":0,"28":0,"29":0,"30":0,"31":0},"f":{"0":0,"1":0,"2":0},"b":{"0":[0,0],"1":[0,0]},"_coverageSchema":"1a1c01bbd47fc00a2c39e90264f33305004495a9","hash":"bb6f20b41415fad1ed67f2b44e4fb418c9eaac72"}
,"C:\\Users\\octav\\OneDrive\\Desktop\\ProyectoFinal_JS\\Backend\\api\\src\\models\\productos.model.js": {"path":"C:\\Users\\octav\\OneDrive\\Desktop\\ProyectoFinal_JS\\Backend\\api\\src\\models\\productos.model.js","statementMap":{"0":{"start":{"line":4,"column":14},"end":{"line":6,"column":74}},"1":{"start":{"line":7,"column":17},"end":{"line":7,"column":71}},"2":{"start":{"line":8,"column":19},"end":{"line":8,"column":48}},"3":{"start":{"line":9,"column":2},"end":{"line":9,"column":17}},"4":{"start":{"line":13,"column":19},"end":{"line":13,"column":82}},"5":{"start":{"line":14,"column":2},"end":{"line":14,"column":25}},"6":{"start":{"line":18,"column":16},"end":{"line":18,"column":64}},"7":{"start":{"line":19,"column":17},"end":{"line":19,"column":58}},"8":{"start":{"line":20,"column":16},"end":{"line":20,"column":18}},"9":{"start":{"line":21,"column":17},"end":{"line":21,"column":19}},"10":{"start":{"line":22,"column":2},"end":{"line":25,"column":3}},"11":{"start":{"line":23,"column":4},"end":{"line":23,"column":22}},"12":{"start":{"line":24,"column":4},"end":{"line":24,"column":43}},"13":{"start":{"line":26,"column":2},"end":{"line":29,"column":3}},"14":{"start":{"line":27,"column":4},"end":{"line":27,"column":28}},"15":{"start":{"line":28,"column":4},"end":{"line":28,"column":49}},"16":{"start":{"line":30,"column":19},"end":{"line":30,"column":69}},"17":{"start":{"line":31,"column":21},"end":{"line":31,"column":79}},"18":{"start":{"line":32,"column":30},"end":{"line":32,"column":66}},"19":{"start":{"line":33,"column":16},"end":{"line":33,"column":34}},"20":{"start":{"line":34,"column":2},"end":{"line":34,"column":29}},"21":{"start":{"line":35,"column":20},"end":{"line":35,"column":127}},"22":{"start":{"line":36,"column":19},"end":{"line":36,"column":54}},"23":{"start":{"line":37,"column":2},"end":{"line":37,"column":77}},"24":{"start":{"line":41,"column":21},"end":{"line":41,"column":63}},"25":{"start":{"line":42,"column":19},"end":{"line":42,"column":102}},"26":{"start":{"line":42,"column":60},"end":{"line":42,"column":101}},"27":{"start":{"line":43,"column":2},"end":{"line":43,"column":66}},"28":{"start":{"line":43,"column":29},"end":{"line":43,"column":66}},"29":{"start":{"line":44,"column":15},"end":{"line":44,"column":70}},"30":{"start":{"line":44,"column":40},"end":{"line":44,"column":58}},"31":{"start":{"line":45,"column":17},"end":{"line":45,"column":43}},"32":{"start":{"line":45,"column":41},"end":{"line":45,"column":42}},"33":{"start":{"line":46,"column":2},"end":{"line":46,"column":18}},"34":{"start":{"line":47,"column":14},"end":{"line":47,"column":85}},"35":{"start":{"line":48,"column":19},"end":{"line":48,"column":48}},"36":{"start":{"line":49,"column":2},"end":{"line":49,"column":25}},"37":{"start":{"line":53,"column":23},"end":{"line":53,"column":84}},"38":{"start":{"line":54,"column":2},"end":{"line":54,"column":22}}},"fnMap":{"0":{"name":"crearProducto","decl":{"start":{"line":3,"column":22},"end":{"line":3,"column":35}},"loc":{"start":{"line":3,"column":86},"end":{"line":10,"column":1}},"line":3},"1":{"name":"buscarProductoPorId","decl":{"start":{"line":12,"column":22},"end":{"line":12,"column":41}},"loc":{"start":{"line":12,"column":46},"end":{"line":15,"column":1}},"line":12},"2":{"name":"listarProductos","decl":{"start":{"line":17,"column":22},"end":{"line":17,"column":37}},"loc":{"start":{"line":17,"column":96},"end":{"line":38,"column":1}},"line":17},"3":{"name":"actualizarProducto","decl":{"start":{"line":40,"column":22},"end":{"line":40,"column":40}},"loc":{"start":{"line":40,"column":52},"end":{"line":50,"column":1}},"line":40},"4":{"name":"(anonymous_4)","decl":{"start":{"line":42,"column":48},"end":{"line":42,"column":49}},"loc":{"start":{"line":42,"column":60},"end":{"line":42,"column":101}},"line":42},"5":{"name":"(anonymous_5)","decl":{"start":{"line":44,"column":28},"end":{"line":44,"column":29}},"loc":{"start":{"line":44,"column":40},"end":{"line":44,"column":58}},"line":44},"6":{"name":"(anonymous_6)","decl":{"start":{"line":45,"column":30},"end":{"line":45,"column":31}},"loc":{"start":{"line":45,"column":41},"end":{"line":45,"column":42}},"line":45},"7":{"name":"eliminarProducto","decl":{"start":{"line":52,"column":22},"end":{"line":52,"column":38}},"loc":{"start":{"line":52,"column":43},"end":{"line":55,"column":1}},"line":52}},"branchMap":{"0":{"loc":{"start":{"line":7,"column":40},"end":{"line":7,"column":58}},"type":"binary-expr","locations":[{"start":{"line":7,"column":40},"end":{"line":7,"column":50}},{"start":{"line":7,"column":54},"end":{"line":7,"column":58}}],"line":7},"1":{"loc":{"start":{"line":14,"column":9},"end":{"line":14,"column":24}},"type":"binary-expr","locations":[{"start":{"line":14,"column":9},"end":{"line":14,"column":16}},{"start":{"line":14,"column":20},"end":{"line":14,"column":24}}],"line":14},"2":{"loc":{"start":{"line":17,"column":38},"end":{"line":17,"column":94}},"type":"default-arg","locations":[{"start":{"line":17,"column":92},"end":{"line":17,"column":94}}],"line":17},"3":{"loc":{"start":{"line":17,"column":40},"end":{"line":17,"column":50}},"type":"default-arg","locations":[{"start":{"line":17,"column":49},"end":{"line":17,"column":50}}],"line":17},"4":{"loc":{"start":{"line":17,"column":52},"end":{"line":17,"column":69}},"type":"default-arg","locations":[{"start":{"line":17,"column":67},"end":{"line":17,"column":69}}],"line":17},"5":{"loc":{"start":{"line":22,"column":2},"end":{"line":25,"column":3}},"type":"if","locations":[{"start":{"line":22,"column":2},"end":{"line":25,"column":3}},{"start":{},"end":{}}],"line":22},"6":{"loc":{"start":{"line":26,"column":2},"end":{"line":29,"column":3}},"type":"if","locations":[{"start":{"line":26,"column":2},"end":{"line":29,"column":3}},{"start":{},"end":{}}],"line":26},"7":{"loc":{"start":{"line":30,"column":19},"end":{"line":30,"column":69}},"type":"cond-expr","locations":[{"start":{"line":30,"column":34},"end":{"line":30,"column":64}},{"start":{"line":30,"column":67},"end":{"line":30,"column":69}}],"line":30},"8":{"loc":{"start":{"line":42,"column":60},"end":{"line":42,"column":101}},"type":"binary-expr","locations":[{"start":{"line":42,"column":60},"end":{"line":42,"column":82}},{"start":{"line":42,"column":86},"end":{"line":42,"column":101}}],"line":42},"9":{"loc":{"start":{"line":43,"column":2},"end":{"line":43,"column":66}},"type":"if","locations":[{"start":{"line":43,"column":2},"end":{"line":43,"column":66}},{"start":{},"end":{}}],"line":43},"10":{"loc":{"start":{"line":49,"column":9},"end":{"line":49,"column":24}},"type":"binary-expr","locations":[{"start":{"line":49,"column":9},"end":{"line":49,"column":16}},{"start":{"line":49,"column":20},"end":{"line":49,"column":24}}],"line":49}},"s":{"0":0,"1":0,"2":0,"3":0,"4":0,"5":0,"6":0,"7":0,"8":0,"9":0,"10":0,"11":0,"12":0,"13":0,"14":0,"15":0,"16":0,"17":0,"18":0,"19":0,"20":0,"21":0,"22":0,"23":0,"24":0,"25":0,"26":0,"27":0,"28":0,"29":0,"30":0,"31":0,"32":0,"33":0,"34":0,"35":0,"36":0,"37":0,"38":0},"f":{"0":0,"1":0,"2":0,"3":0,"4":0,"5":0,"6":0,"7":0},"b":{"0":[0,0],"1":[0,0],"2":[0],"3":[0],"4":[0],"5":[0,0],"6":[0,0],"7":[0,0],"8":[0,0],"9":[0,0],"10":[0,0]},"_coverageSchema":"1a1c01bbd47fc00a2c39e90264f33305004495a9","hash":"6686c3477518a2e1578738187cd817e2a9295974"}
,"C:\\Users\\octav\\OneDrive\\Desktop\\ProyectoFinal_JS\\Backend\\api\\src\\models\\usuarios.model.js": {"path":"C:\\Users\\octav\\OneDrive\\Desktop\\ProyectoFinal_JS\\Backend\\api\\src\\models\\usuarios.model.js","statementMap":{"0":{"start":{"line":4,"column":14},"end":{"line":6,"column":69}},"1":{"start":{"line":7,"column":17},"end":{"line":7,"column":60}},"2":{"start":{"line":8,"column":19},"end":{"line":8,"column":48}},"3":{"start":{"line":9,"column":2},"end":{"line":9,"column":17}},"4":{"start":{"line":13,"column":19},"end":{"line":13,"column":87}},"5":{"start":{"line":14,"column":2},"end":{"line":14,"column":25}},"6":{"start":{"line":18,"column":19},"end":{"line":18,"column":123}},"7":{"start":{"line":19,"column":2},"end":{"line":19,"column":25}},"8":{"start":{"line":23,"column":17},"end":{"line":23,"column":65}},"9":{"start":{"line":24,"column":25},"end":{"line":24,"column":67}},"10":{"start":{"line":25,"column":31},"end":{"line":25,"column":94}},"11":{"start":{"line":26,"column":16},"end":{"line":26,"column":35}},"12":{"start":{"line":27,"column":19},"end":{"line":30,"column":3}},"13":{"start":{"line":31,"column":2},"end":{"line":31,"column":84}},"14":{"start":{"line":35,"column":21},"end":{"line":35,"column":64}},"15":{"start":{"line":36,"column":19},"end":{"line":36,"column":102}},"16":{"start":{"line":36,"column":60},"end":{"line":36,"column":101}},"17":{"start":{"line":37,"column":2},"end":{"line":37,"column":65}},"18":{"start":{"line":37,"column":29},"end":{"line":37,"column":65}},"19":{"start":{"line":39,"column":15},"end":{"line":39,"column":70}},"20":{"start":{"line":39,"column":40},"end":{"line":39,"column":58}},"21":{"start":{"line":40,"column":17},"end":{"line":40,"column":43}},"22":{"start":{"line":40,"column":41},"end":{"line":40,"column":42}},"23":{"start":{"line":41,"column":2},"end":{"line":41,"column":18}},"24":{"start":{"line":42,"column":14},"end":{"line":42,"column":126}},"25":{"start":{"line":43,"column":19},"end":{"line":43,"column":48}},"26":{"start":{"line":44,"column":2},"end":{"line":44,"column":25}},"27":{"start":{"line":48,"column":23},"end":{"line":48,"column":83}},"28":{"start":{"line":49,"column":2},"end":{"line":49,"column":22}}},"fnMap":{"0":{"name":"crearUsuario","decl":{"start":{"line":3,"column":22},"end":{"line":3,"column":34}},"loc":{"start":{"line":3,"column":74},"end":{"line":10,"column":1}},"line":3},"1":{"name":"buscarUsuarioPorEmail","decl":{"start":{"line":12,"column":22},"end":{"line":12,"column":43}},"loc":{"start":{"line":12,"column":51},"end":{"line":15,"column":1}},"line":12},"2":{"name":"buscarUsuarioPorId","decl":{"start":{"line":17,"column":22},"end":{"line":17,"column":40}},"loc":{"start":{"line":17,"column":45},"end":{"line":20,"column":1}},"line":17},"3":{"name":"listarUsuarios","decl":{"start":{"line":22,"column":22},"end":{"line":22,"column":36}},"loc":{"start":{"line":22,"column":77},"end":{"line":32,"column":1}},"line":22},"4":{"name":"actualizarUsuario","decl":{"start":{"line":34,"column":22},"end":{"line":34,"column":39}},"loc":{"start":{"line":34,"column":51},"end":{"line":45,"column":1}},"line":34},"5":{"name":"(anonymous_5)","decl":{"start":{"line":36,"column":48},"end":{"line":36,"column":49}},"loc":{"start":{"line":36,"column":60},"end":{"line":36,"column":101}},"line":36},"6":{"name":"(anonymous_6)","decl":{"start":{"line":39,"column":28},"end":{"line":39,"column":29}},"loc":{"start":{"line":39,"column":40},"end":{"line":39,"column":58}},"line":39},"7":{"name":"(anonymous_7)","decl":{"start":{"line":40,"column":30},"end":{"line":40,"column":31}},"loc":{"start":{"line":40,"column":41},"end":{"line":40,"column":42}},"line":40},"8":{"name":"eliminarUsuario","decl":{"start":{"line":47,"column":22},"end":{"line":47,"column":37}},"loc":{"start":{"line":47,"column":42},"end":{"line":50,"column":1}},"line":47}},"branchMap":{"0":{"loc":{"start":{"line":7,"column":26},"end":{"line":7,"column":42}},"type":"binary-expr","locations":[{"start":{"line":7,"column":26},"end":{"line":7,"column":34}},{"start":{"line":7,"column":38},"end":{"line":7,"column":42}}],"line":7},"1":{"loc":{"start":{"line":14,"column":9},"end":{"line":14,"column":24}},"type":"binary-expr","locations":[{"start":{"line":14,"column":9},"end":{"line":14,"column":16}},{"start":{"line":14,"column":20},"end":{"line":14,"column":24}}],"line":14},"2":{"loc":{"start":{"line":19,"column":9},"end":{"line":19,"column":24}},"type":"binary-expr","locations":[{"start":{"line":19,"column":9},"end":{"line":19,"column":16}},{"start":{"line":19,"column":20},"end":{"line":19,"column":24}}],"line":19},"3":{"loc":{"start":{"line":22,"column":37},"end":{"line":22,"column":75}},"type":"default-arg","locations":[{"start":{"line":22,"column":73},"end":{"line":22,"column":75}}],"line":22},"4":{"loc":{"start":{"line":22,"column":39},"end":{"line":22,"column":49}},"type":"default-arg","locations":[{"start":{"line":22,"column":48},"end":{"line":22,"column":49}}],"line":22},"5":{"loc":{"start":{"line":22,"column":51},"end":{"line":22,"column":68}},"type":"default-arg","locations":[{"start":{"line":22,"column":66},"end":{"line":22,"column":68}}],"line":22},"6":{"loc":{"start":{"line":36,"column":60},"end":{"line":36,"column":101}},"type":"binary-expr","locations":[{"start":{"line":36,"column":60},"end":{"line":36,"column":82}},{"start":{"line":36,"column":86},"end":{"line":36,"column":101}}],"line":36},"7":{"loc":{"start":{"line":37,"column":2},"end":{"line":37,"column":65}},"type":"if","locations":[{"start":{"line":37,"column":2},"end":{"line":37,"column":65}},{"start":{},"end":{}}],"line":37},"8":{"loc":{"start":{"line":44,"column":9},"end":{"line":44,"column":24}},"type":"binary-expr","locations":[{"start":{"line":44,"column":9},"end":{"line":44,"column":16}},{"start":{"line":44,"column":20},"end":{"line":44,"column":24}}],"line":44}},"s":{"0":0,"1":0,"2":0,"3":0,"4":0,"5":0,"6":0,"7":0,"8":0,"9":0,"10":0,"11":0,"12":0,"13":0,"14":0,"15":0,"16":0,"17":0,"18":0,"19":0,"20":0,"21":0,"22":0,"23":0,"24":0,"25":0,"26":0,"27":0,"28":0},"f":{"0":0,"1":0,"2":0,"3":0,"4":0,"5":0,"6":0,"7":0,"8":0},"b":{"0":[0,0],"1":[0,0],"2":[0,0],"3":[0],"4":[0],"5":[0],"6":[0,0],"7":[0,0],"8":[0,0]},"_coverageSchema":"1a1c01bbd47fc00a2c39e90264f33305004495a9","hash":"6f3de051ce20491d4aebeda1871755a35dadaa24"}
,"C:\\Users\\octav\\OneDrive\\Desktop\\ProyectoFinal_JS\\Backend\\api\\src\\routes\\carrito.routes.js": {"path":"C:\\Users\\octav\\OneDrive\\Desktop\\ProyectoFinal_JS\\Backend\\api\\src\\routes\\carrito.routes.js","statementMap":{"0":{"start":{"line":4,"column":25},"end":{"line":4,"column":33}},"1":{"start":{"line":6,"column":0},"end":{"line":6,"column":27}},"2":{"start":{"line":7,"column":0},"end":{"line":7,"column":27}},"3":{"start":{"line":8,"column":0},"end":{"line":8,"column":45}},"4":{"start":{"line":9,"column":0},"end":{"line":9,"column":40}},"5":{"start":{"line":10,"column":0},"end":{"line":10,"column":32}}},"fnMap":{},"branchMap":{},"s":{"0":1,"1":1,"2":1,"3":1,"4":1,"5":1},"f":{},"b":{},"_coverageSchema":"1a1c01bbd47fc00a2c39e90264f33305004495a9","hash":"248d27bcb6ad51ae99ea89afaef481c19d862de0"}
,"C:\\Users\\octav\\OneDrive\\Desktop\\ProyectoFinal_JS\\Backend\\api\\src\\routes\\favoritos.routes.js": {"path":"C:\\Users\\octav\\OneDrive\\Desktop\\ProyectoFinal_JS\\Backend\\api\\src\\routes\\favoritos.routes.js","statementMap":{"0":{"start":{"line":4,"column":25},"end":{"line":4,"column":33}},"1":{"start":{"line":6,"column":0},"end":{"line":6,"column":27}},"2":{"start":{"line":7,"column":0},"end":{"line":7,"column":27}},"3":{"start":{"line":8,"column":0},"end":{"line":8,"column":32}}},"fnMap":{},"branchMap":{},"s":{"0":1,"1":1,"2":1,"3":1},"f":{},"b":{},"_coverageSchema":"1a1c01bbd47fc00a2c39e90264f33305004495a9","hash":"17201d8f9e6a4073e679fa697b10d2a5074d15ff"}
,"C:\\Users\\octav\\OneDrive\\Desktop\\ProyectoFinal_JS\\Backend\\api\\src\\routes\\index.js": {"path":"C:\\Users\\octav\\OneDrive\\Desktop\\ProyectoFinal_JS\\Backend\\api\\src\\routes\\index.js","statementMap":{"0":{"start":{"line":12,"column":25},"end":{"line":12,"column":33}},"1":{"start":{"line":14,"column":0},"end":{"line":14,"column":35}},"2":{"start":{"line":16,"column":0},"end":{"line":16,"column":46}},"3":{"start":{"line":17,"column":0},"end":{"line":17,"column":48}},"4":{"start":{"line":18,"column":0},"end":{"line":18,"column":48}},"5":{"start":{"line":19,"column":0},"end":{"line":19,"column":44}},"6":{"start":{"line":20,"column":0},"end":{"line":20,"column":44}},"7":{"start":{"line":22,"column":0},"end":{"line":22,"column":28}},"8":{"start":{"line":23,"column":0},"end":{"line":23,"column":32}}},"fnMap":{},"branchMap":{},"s":{"0":1,"1":1,"2":1,"3":1,"4":1,"5":1,"6":1,"7":1,"8":1},"f":{},"b":{},"_coverageSchema":"1a1c01bbd47fc00a2c39e90264f33305004495a9","hash":"ad55745c738725adb4e7a8a2293a9f029f9a0cb5"}
,"C:\\Users\\octav\\OneDrive\\Desktop\\ProyectoFinal_JS\\Backend\\api\\src\\routes\\orden.routes.js": {"path":"C:\\Users\\octav\\OneDrive\\Desktop\\ProyectoFinal_JS\\Backend\\api\\src\\routes\\orden.routes.js","statementMap":{"0":{"start":{"line":4,"column":25},"end":{"line":4,"column":33}},"1":{"start":{"line":6,"column":0},"end":{"line":6,"column":53}},"2":{"start":{"line":7,"column":0},"end":{"line":7,"column":60}}},"fnMap":{},"branchMap":{},"s":{"0":1,"1":1,"2":1},"f":{},"b":{},"_coverageSchema":"1a1c01bbd47fc00a2c39e90264f33305004495a9","hash":"4f1b3fc4f08198429b6fade268b6c2eca1b84bbb"}
,"C:\\Users\\octav\\OneDrive\\Desktop\\ProyectoFinal_JS\\Backend\\api\\src\\routes\\productos.routes.js": {"path":"C:\\Users\\octav\\OneDrive\\Desktop\\ProyectoFinal_JS\\Backend\\api\\src\\routes\\productos.routes.js","statementMap":{"0":{"start":{"line":4,"column":25},"end":{"line":4,"column":33}},"1":{"start":{"line":6,"column":0},"end":{"line":6,"column":27}},"2":{"start":{"line":7,"column":0},"end":{"line":7,"column":27}},"3":{"start":{"line":8,"column":0},"end":{"line":8,"column":36}},"4":{"start":{"line":9,"column":0},"end":{"line":9,"column":36}},"5":{"start":{"line":10,"column":0},"end":{"line":10,"column":35}}},"fnMap":{},"branchMap":{},"s":{"0":1,"1":1,"2":1,"3":1,"4":1,"5":1},"f":{},"b":{},"_coverageSchema":"1a1c01bbd47fc00a2c39e90264f33305004495a9","hash":"d8b2fa5041e82d7033c209bfd48324e767f11a2a"}
,"C:\\Users\\octav\\OneDrive\\Desktop\\ProyectoFinal_JS\\Backend\\api\\src\\routes\\usuarios.routes.js": {"path":"C:\\Users\\octav\\OneDrive\\Desktop\\ProyectoFinal_JS\\Backend\\api\\src\\routes\\usuarios.routes.js","statementMap":{"0":{"start":{"line":5,"column":25},"end":{"line":5,"column":33}},"1":{"start":{"line":8,"column":0},"end":{"line":8,"column":27}},"2":{"start":{"line":9,"column":0},"end":{"line":9,"column":32}},"3":{"start":{"line":12,"column":0},"end":{"line":12,"column":46}},"4":{"start":{"line":13,"column":0},"end":{"line":13,"column":55}},"5":{"start":{"line":14,"column":0},"end":{"line":14,"column":55}},"6":{"start":{"line":15,"column":0},"end":{"line":15,"column":54}}},"fnMap":{},"branchMap":{},"s":{"0":1,"1":1,"2":1,"3":1,"4":1,"5":1,"6":1},"f":{},"b":{},"_coverageSchema":"1a1c01bbd47fc00a2c39e90264f33305004495a9","hash":"40e7a3317bfb7c13ae57fc88786bb5c23a21c3db"}
}
